Arguments: 
  /usr/local/bin/node /usr/local/Cellar/yarn/1.22.19/libexec/bin/yarn.js

PATH: 
  /Users/sepezho/go/bin:node_modules/.bin:/Users/sepezho/.local/bin:/Users/sepezho/bin:bin:/Users/sepezho/go/bin:node_modules/.bin:/Users/sepezho/.local/bin:/Users/sepezho/bin:bin:/Users/sepezho/go/bin:node_modules/.bin:/Users/sepezho/.local/bin:/Users/sepezho/bin:bin:/usr/local/bin:/usr/bin:/bin:/usr/sbin:/sbin

Yarn version: 
  1.22.19

Node version: 
  18.13.0

Platform: 
  darwin x64

Trace: 
  SyntaxError: /Users/sepezho/Work/raven/lib/test-lib/package.json: Unexpected string in JSON at position 827
      at JSON.parse (<anonymous>)
      at /usr/local/Cellar/yarn/1.22.19/libexec/lib/cli.js:1629:59
      at Generator.next (<anonymous>)
      at step (/usr/local/Cellar/yarn/1.22.19/libexec/lib/cli.js:310:30)
      at /usr/local/Cellar/yarn/1.22.19/libexec/lib/cli.js:321:13

npm manifest: 
  {
    "name": "test-lib",
    "version": "1.0.0",
    "description": "",
    "main": "index.js",
    "scripts": {
      "test": "echo \"Error: no test specified\" && exit 1"
    },
    "devDependencies": {
      "@types/bn.js": "^5.1.1",
      "@types/jest": "^29.2.4",
      "@types/node": "^18.11.9",
      "@types/qrcode-terminal": "^0.12.0",
      "@types/uuid": "^8.3.4",
      "jest": "^29.3.1",
      "ton-compiler": "^2.0.0",
      "ts-jest": "^29.0.3",
      "ts-node": "^10.9.1",
      "typescript": "^4.9.3"
    },
    "dependencies": {
      "@aws-crypto/sha256-js": "^2.0.2",
      "@ton-community/func-js": "^0.1.5",
      "@types/coingecko-api": "^1.0.10",
      "bn.js": "^5.2.1",
      "coingecko-api": "^1.0.10",
      "prando": "^6.0.1",
      "qrcode-terminal": "^0.12.0",
      "ton": "^12.1.5",
      "ton-contract-executor": "^0.6.0",
      "uuid": "^9.0.0"
    }
    "author": "",
    "license": "ISC"
  }

yarn manifest: 
  No manifest

Lockfile: 
  No lockfile
